<?xml version="1.0" encoding="UTF-8"?>
<!-- Generated by org.testng.reporters.JUnitReportReporter -->
<testsuite skipped="0" hostname="MYKULLP5X7NRV2" name="testCase.Test1" tests="1" failures="0" timestamp="26 Feb 2021 14:13:14 GMT" time="29.396" errors="0">
  <testcase name="sample1" time="29.396" classname="testCase.Test1"/>
</testsuite> <!-- testCase.Test1 -->
